/usr/bin/lli

[1;33m ###### Testing test-comparison [0m
./grail.native < tests/old_tests/test-comparison.gl > test-comparison.ll
Fatal error: exception Failure("Error: bool not a valid for str in function.")
[0;31m ###### FAILED [0m
mv: cannot stat â€˜test-comparison.outâ€™: No such file or directory
mv: cannot stat â€˜test-comparison.diffâ€™: No such file or directory

[1;33m ###### Testing test-function-call-1 [0m
./grail.native < tests/old_tests/test-function-call-1.gl > test-function-call-1.ll
/usr/bin/llvm-link test-function-call-1.ll -o a.out
/usr/bin/lli a.out > test-function-call-1.out
[0;31m ###### FAILED [0m
mv: cannot stat â€˜test-function-call-1.diffâ€™: No such file or directory

[1;33m ###### Testing test-function-call-2 [0m
./grail.native < tests/old_tests/test-function-call-2.gl > test-function-call-2.ll
/usr/bin/llvm-link test-function-call-2.ll -o a.out
/usr/bin/lli a.out > test-function-call-2.out
[0;31m ###### FAILED [0m
mv: cannot stat â€˜test-function-call-2.diffâ€™: No such file or directory

[1;33m ###### Testing test-function-call-3 [0m
./grail.native < tests/old_tests/test-function-call-3.gl > test-function-call-3.ll
Fatal error: exception Failure("Error: int not a valid for str in function.")
[0;31m ###### FAILED [0m
mv: cannot stat â€˜test-function-call-3.outâ€™: No such file or directory
mv: cannot stat â€˜test-function-call-3.diffâ€™: No such file or directory

[1;33m ###### Testing test-function-call-4 [0m
./grail.native < tests/old_tests/test-function-call-4.gl > test-function-call-4.ll
Fatal error: exception Match_failure("codegen.ml", 22, 25)
[0;31m ###### FAILED [0m
mv: cannot stat â€˜test-function-call-4.outâ€™: No such file or directory
mv: cannot stat â€˜test-function-call-4.diffâ€™: No such file or directory

[1;33m ###### Testing test-gcd [0m
./grail.native < tests/old_tests/test-gcd.gl > test-gcd.ll
Fatal error: exception Match_failure("codegen.ml", 22, 25)
[0;31m ###### FAILED [0m
mv: cannot stat â€˜test-gcd.outâ€™: No such file or directory
mv: cannot stat â€˜test-gcd.diffâ€™: No such file or directory

[1;33m ###### Testing test-hello [0m
./grail.native < tests/old_tests/test-hello.gl > test-hello.ll
/usr/bin/llvm-link test-hello.ll -o a.out
/usr/bin/lli a.out > test-hello.out
[0;31m ###### FAILED [0m
mv: cannot stat â€˜test-hello.diffâ€™: No such file or directory

[1;33m ###### Testing test-if-loop-1 [0m
./grail.native < tests/old_tests/test-if-loop-1.gl > test-if-loop-1.ll
Fatal error: exception Failure("error-- predicate return")
[0;31m ###### FAILED [0m
mv: cannot stat â€˜test-if-loop-1.outâ€™: No such file or directory
mv: cannot stat â€˜test-if-loop-1.diffâ€™: No such file or directory

[1;33m ###### Testing fail-assign1 [0m
./grail.native < tests/old_tests/fail-assign1.gl 2> fail-assign1.err >> testall.log
diff -b fail-assign1.err tests/old_tests/fail-assign1.err > fail-assign1.diff
[0;32m ###### SUCCESS [0m

[1;33m ###### Testing fail-assign2 [0m
./grail.native < tests/old_tests/fail-assign2.gl 2> fail-assign2.err >> testall.log
diff -b fail-assign2.err tests/old_tests/fail-assign2.err > fail-assign2.diff
[0;32m ###### SUCCESS [0m

[1;33m ###### Testing fail-dead1 [0m
./grail.native < tests/old_tests/fail-dead1.gl 2> fail-dead1.err >> testall.log
diff -b fail-dead1.err tests/old_tests/fail-dead1.err > fail-dead1.diff
FAILED fail-dead1.err differs from tests/old_tests/fail-dead1.err
[0;31m ###### FAILED [0m

[1;33m ###### Testing fail-expr1 [0m
./grail.native < tests/old_tests/fail-expr1.gl 2> fail-expr1.err >> testall.log
diff -b fail-expr1.err tests/old_tests/fail-expr1.err > fail-expr1.diff
[0;32m ###### SUCCESS [0m

[1;33m ###### Testing fail-func-arg-num [0m
./grail.native < tests/old_tests/fail-func-arg-num.gl 2> fail-func-arg-num.err >> testall.log
diff -b fail-func-arg-num.err tests/old_tests/fail-func-arg-num.err > fail-func-arg-num.diff
[0;32m ###### SUCCESS [0m

[1;33m ###### Testing fail-multi-function-call [0m
./grail.native < tests/old_tests/fail-multi-function-call.gl 2> fail-multi-function-call.err >> testall.log
diff -b fail-multi-function-call.err tests/old_tests/fail-multi-function-call.err > fail-multi-function-call.diff
FAILED fail-multi-function-call.err differs from tests/old_tests/fail-multi-function-call.err
[0;31m ###### FAILED [0m

[1;33m ###### Testing fail-return-twice [0m
./grail.native < tests/old_tests/fail-return-twice.gl 2> fail-return-twice.err >> testall.log
diff -b fail-return-twice.err tests/old_tests/fail-return-twice.err > fail-return-twice.diff
FAILED fail-return-twice.err differs from tests/old_tests/fail-return-twice.err
[0;31m ###### FAILED [0m
